{"C:\\Users\\jfuen\\OneDrive\\Escritorio\\ddds\\FRONTEND\\grupo-cordillera-frontend\\src\\components\\AllowedTo.jsx": {"path":"C:\\Users\\jfuen\\OneDrive\\Escritorio\\ddds\\FRONTEND\\grupo-cordillera-frontend\\src\\components\\AllowedTo.jsx","statementMap":{"0":{"start":{"line":9,"column":18},"end":{"line":17,"column":1}},"1":{"start":{"line":11,"column":4},"end":{"line":13,"column":5}},"2":{"start":{"line":12,"column":8},"end":{"line":12,"column":31}},"3":{"start":{"line":16,"column":4},"end":{"line":16,"column":16}}},"fnMap":{"0":{"name":"(anonymous_0)","decl":{"start":{"line":9,"column":18},"end":{"line":9,"column":19}},"loc":{"start":{"line":9,"column":63},"end":{"line":17,"column":1}},"line":9}},"branchMap":{"0":{"loc":{"start":{"line":11,"column":4},"end":{"line":13,"column":5}},"type":"if","locations":[{"start":{"line":11,"column":4},"end":{"line":13,"column":5}},{"start":{},"end":{}}],"line":11}},"s":{"0":1,"1":7,"2":3,"3":4},"f":{"0":7},"b":{"0":[3,4]},"_coverageSchema":"1a1c01bbd47fc00a2c39e90264f33305004495a9","hash":"85c0f3a3d4d4b041622337aa72f6b25c0f45bed2"}
,"C:\\Users\\jfuen\\OneDrive\\Escritorio\\ddds\\FRONTEND\\grupo-cordillera-frontend\\src\\components\\context\\AuthContext.jsx": {"path":"C:\\Users\\jfuen\\OneDrive\\Escritorio\\ddds\\FRONTEND\\grupo-cordillera-frontend\\src\\components\\context\\AuthContext.jsx","statementMap":{"0":{"start":{"line":4,"column":20},"end":{"line":4,"column":39}},"1":{"start":{"line":6,"column":28},"end":{"line":72,"column":1}},"2":{"start":{"line":8,"column":28},"end":{"line":40,"column":6}},"3":{"start":{"line":9,"column":8},"end":{"line":39,"column":9}},"4":{"start":{"line":10,"column":30},"end":{"line":10,"column":58}},"5":{"start":{"line":11,"column":12},"end":{"line":11,"column":40}},"6":{"start":{"line":11,"column":28},"end":{"line":11,"column":40}},"7":{"start":{"line":13,"column":31},"end":{"line":13,"column":52}},"8":{"start":{"line":17,"column":31},"end":{"line":17,"column":35}},"9":{"start":{"line":19,"column":12},"end":{"line":28,"column":13}},"10":{"start":{"line":20,"column":16},"end":{"line":20,"column":51}},"11":{"start":{"line":21,"column":19},"end":{"line":28,"column":13}},"12":{"start":{"line":22,"column":16},"end":{"line":22,"column":46}},"13":{"start":{"line":23,"column":19},"end":{"line":28,"column":13}},"14":{"start":{"line":24,"column":16},"end":{"line":24,"column":47}},"15":{"start":{"line":25,"column":19},"end":{"line":28,"column":13}},"16":{"start":{"line":26,"column":29},"end":{"line":26,"column":54}},"17":{"start":{"line":27,"column":16},"end":{"line":27,"column":80}},"18":{"start":{"line":31,"column":12},"end":{"line":34,"column":14}},"19":{"start":{"line":37,"column":12},"end":{"line":37,"column":65}},"20":{"start":{"line":38,"column":12},"end":{"line":38,"column":24}},"21":{"start":{"line":43,"column":25},"end":{"line":65,"column":5}},"22":{"start":{"line":44,"column":8},"end":{"line":47,"column":9}},"23":{"start":{"line":45,"column":12},"end":{"line":45,"column":26}},"24":{"start":{"line":46,"column":12},"end":{"line":46,"column":19}},"25":{"start":{"line":49,"column":27},"end":{"line":49,"column":31}},"26":{"start":{"line":50,"column":8},"end":{"line":59,"column":9}},"27":{"start":{"line":51,"column":12},"end":{"line":51,"column":45}},"28":{"start":{"line":52,"column":15},"end":{"line":59,"column":9}},"29":{"start":{"line":53,"column":12},"end":{"line":53,"column":40}},"30":{"start":{"line":54,"column":15},"end":{"line":59,"column":9}},"31":{"start":{"line":55,"column":12},"end":{"line":55,"column":41}},"32":{"start":{"line":56,"column":15},"end":{"line":59,"column":9}},"33":{"start":{"line":57,"column":25},"end":{"line":57,"column":48}},"34":{"start":{"line":58,"column":12},"end":{"line":58,"column":76}},"35":{"start":{"line":61,"column":8},"end":{"line":64,"column":11}},"36":{"start":{"line":67,"column":4},"end":{"line":71,"column":6}},"37":{"start":{"line":74,"column":23},"end":{"line":80,"column":1}},"38":{"start":{"line":75,"column":20},"end":{"line":75,"column":43}},"39":{"start":{"line":76,"column":4},"end":{"line":78,"column":5}},"40":{"start":{"line":77,"column":8},"end":{"line":77,"column":80}},"41":{"start":{"line":79,"column":4},"end":{"line":79,"column":19}}},"fnMap":{"0":{"name":"(anonymous_0)","decl":{"start":{"line":6,"column":28},"end":{"line":6,"column":29}},"loc":{"start":{"line":6,"column":46},"end":{"line":72,"column":1}},"line":6},"1":{"name":"(anonymous_1)","decl":{"start":{"line":8,"column":37},"end":{"line":8,"column":38}},"loc":{"start":{"line":8,"column":43},"end":{"line":40,"column":5}},"line":8},"2":{"name":"(anonymous_2)","decl":{"start":{"line":43,"column":25},"end":{"line":43,"column":26}},"loc":{"start":{"line":43,"column":39},"end":{"line":65,"column":5}},"line":43},"3":{"name":"(anonymous_3)","decl":{"start":{"line":74,"column":23},"end":{"line":74,"column":24}},"loc":{"start":{"line":74,"column":29},"end":{"line":80,"column":1}},"line":74}},"branchMap":{"0":{"loc":{"start":{"line":11,"column":12},"end":{"line":11,"column":40}},"type":"if","locations":[{"start":{"line":11,"column":12},"end":{"line":11,"column":40}},{"start":{},"end":{}}],"line":11},"1":{"loc":{"start":{"line":19,"column":12},"end":{"line":28,"column":13}},"type":"if","locations":[{"start":{"line":19,"column":12},"end":{"line":28,"column":13}},{"start":{"line":21,"column":19},"end":{"line":28,"column":13}}],"line":19},"2":{"loc":{"start":{"line":19,"column":16},"end":{"line":19,"column":78}},"type":"binary-expr","locations":[{"start":{"line":19,"column":16},"end":{"line":19,"column":47}},{"start":{"line":19,"column":51},"end":{"line":19,"column":78}}],"line":19},"3":{"loc":{"start":{"line":21,"column":19},"end":{"line":28,"column":13}},"type":"if","locations":[{"start":{"line":21,"column":19},"end":{"line":28,"column":13}},{"start":{"line":23,"column":19},"end":{"line":28,"column":13}}],"line":21},"4":{"loc":{"start":{"line":23,"column":19},"end":{"line":28,"column":13}},"type":"if","locations":[{"start":{"line":23,"column":19},"end":{"line":28,"column":13}},{"start":{"line":25,"column":19},"end":{"line":28,"column":13}}],"line":23},"5":{"loc":{"start":{"line":25,"column":19},"end":{"line":28,"column":13}},"type":"if","locations":[{"start":{"line":25,"column":19},"end":{"line":28,"column":13}},{"start":{},"end":{}}],"line":25},"6":{"loc":{"start":{"line":25,"column":23},"end":{"line":25,"column":97}},"type":"binary-expr","locations":[{"start":{"line":25,"column":23},"end":{"line":25,"column":60}},{"start":{"line":25,"column":64},"end":{"line":25,"column":97}}],"line":25},"7":{"loc":{"start":{"line":27,"column":31},"end":{"line":27,"column":79}},"type":"cond-expr","locations":[{"start":{"line":27,"column":58},"end":{"line":27,"column":62}},{"start":{"line":27,"column":65},"end":{"line":27,"column":79}}],"line":27},"8":{"loc":{"start":{"line":44,"column":8},"end":{"line":47,"column":9}},"type":"if","locations":[{"start":{"line":44,"column":8},"end":{"line":47,"column":9}},{"start":{},"end":{}}],"line":44},"9":{"loc":{"start":{"line":50,"column":8},"end":{"line":59,"column":9}},"type":"if","locations":[{"start":{"line":50,"column":8},"end":{"line":59,"column":9}},{"start":{"line":52,"column":15},"end":{"line":59,"column":9}}],"line":50},"10":{"loc":{"start":{"line":50,"column":12},"end":{"line":50,"column":70}},"type":"binary-expr","locations":[{"start":{"line":50,"column":12},"end":{"line":50,"column":41}},{"start":{"line":50,"column":45},"end":{"line":50,"column":70}}],"line":50},"11":{"loc":{"start":{"line":52,"column":15},"end":{"line":59,"column":9}},"type":"if","locations":[{"start":{"line":52,"column":15},"end":{"line":59,"column":9}},{"start":{"line":54,"column":15},"end":{"line":59,"column":9}}],"line":52},"12":{"loc":{"start":{"line":54,"column":15},"end":{"line":59,"column":9}},"type":"if","locations":[{"start":{"line":54,"column":15},"end":{"line":59,"column":9}},{"start":{"line":56,"column":15},"end":{"line":59,"column":9}}],"line":54},"13":{"loc":{"start":{"line":56,"column":15},"end":{"line":59,"column":9}},"type":"if","locations":[{"start":{"line":56,"column":15},"end":{"line":59,"column":9}},{"start":{},"end":{}}],"line":56},"14":{"loc":{"start":{"line":56,"column":19},"end":{"line":56,"column":89}},"type":"binary-expr","locations":[{"start":{"line":56,"column":19},"end":{"line":56,"column":54}},{"start":{"line":56,"column":58},"end":{"line":56,"column":89}}],"line":56},"15":{"loc":{"start":{"line":58,"column":27},"end":{"line":58,"column":75}},"type":"cond-expr","locations":[{"start":{"line":58,"column":54},"end":{"line":58,"column":58}},{"start":{"line":58,"column":61},"end":{"line":58,"column":75}}],"line":58},"16":{"loc":{"start":{"line":76,"column":4},"end":{"line":78,"column":5}},"type":"if","locations":[{"start":{"line":76,"column":4},"end":{"line":78,"column":5}},{"start":{},"end":{}}],"line":76}},"s":{"0":1,"1":1,"2":14,"3":8,"4":8,"5":8,"6":6,"7":2,"8":1,"9":1,"10":1,"11":0,"12":0,"13":0,"14":0,"15":0,"16":0,"17":0,"18":1,"19":1,"20":1,"21":14,"22":6,"23":1,"24":1,"25":5,"26":5,"27":3,"28":2,"29":1,"30":1,"31":0,"32":1,"33":1,"34":1,"35":5,"36":14,"37":1,"38":16,"39":16,"40":2,"41":14},"f":{"0":14,"1":8,"2":6,"3":16},"b":{"0":[6,2],"1":[1,0],"2":[1,1],"3":[0,0],"4":[0,0],"5":[0,0],"6":[0,0],"7":[0,0],"8":[1,5],"9":[3,2],"10":[5,3],"11":[1,1],"12":[0,1],"13":[1,0],"14":[1,1],"15":[0,1],"16":[2,14]},"_coverageSchema":"1a1c01bbd47fc00a2c39e90264f33305004495a9","hash":"dd2e61af89114a2de70d408f90b65ad6bfd00765"}
,"C:\\Users\\jfuen\\OneDrive\\Escritorio\\ddds\\FRONTEND\\grupo-cordillera-frontend\\src\\components\\molecules\\KpiCard.jsx": {"path":"C:\\Users\\jfuen\\OneDrive\\Escritorio\\ddds\\FRONTEND\\grupo-cordillera-frontend\\src\\components\\molecules\\KpiCard.jsx","statementMap":{"0":{"start":{"line":3,"column":23},"end":{"line":16,"column":1}},"1":{"start":{"line":4,"column":2},"end":{"line":15,"column":4}}},"fnMap":{"0":{"name":"(anonymous_0)","decl":{"start":{"line":3,"column":23},"end":{"line":3,"column":24}},"loc":{"start":{"line":3,"column":57},"end":{"line":16,"column":1}},"line":3}},"branchMap":{},"s":{"0":1,"1":6},"f":{"0":6},"b":{},"_coverageSchema":"1a1c01bbd47fc00a2c39e90264f33305004495a9","hash":"84116f30e6bcdb9ffe04d2d3104ce3d6ee367a3b"}
,"C:\\Users\\jfuen\\OneDrive\\Escritorio\\ddds\\FRONTEND\\grupo-cordillera-frontend\\src\\hooks\\useInventory.js": {"path":"C:\\Users\\jfuen\\OneDrive\\Escritorio\\ddds\\FRONTEND\\grupo-cordillera-frontend\\src\\hooks\\useInventory.js","statementMap":{"0":{"start":{"line":4,"column":28},"end":{"line":27,"column":1}},"1":{"start":{"line":5,"column":26},"end":{"line":5,"column":38}},"2":{"start":{"line":6,"column":32},"end":{"line":6,"column":46}},"3":{"start":{"line":7,"column":28},"end":{"line":7,"column":42}},"4":{"start":{"line":9,"column":2},"end":{"line":23,"column":9}},"5":{"start":{"line":10,"column":27},"end":{"line":20,"column":5}},"6":{"start":{"line":11,"column":6},"end":{"line":19,"column":7}},"7":{"start":{"line":12,"column":8},"end":{"line":12,"column":25}},"8":{"start":{"line":13,"column":23},"end":{"line":13,"column":47}},"9":{"start":{"line":14,"column":8},"end":{"line":14,"column":24}},"10":{"start":{"line":16,"column":8},"end":{"line":16,"column":30}},"11":{"start":{"line":18,"column":8},"end":{"line":18,"column":26}},"12":{"start":{"line":22,"column":4},"end":{"line":22,"column":21}},"13":{"start":{"line":26,"column":2},"end":{"line":26,"column":34}}},"fnMap":{"0":{"name":"(anonymous_0)","decl":{"start":{"line":4,"column":28},"end":{"line":4,"column":29}},"loc":{"start":{"line":4,"column":34},"end":{"line":27,"column":1}},"line":4},"1":{"name":"(anonymous_1)","decl":{"start":{"line":9,"column":12},"end":{"line":9,"column":13}},"loc":{"start":{"line":9,"column":18},"end":{"line":23,"column":3}},"line":9},"2":{"name":"(anonymous_2)","decl":{"start":{"line":10,"column":27},"end":{"line":10,"column":28}},"loc":{"start":{"line":10,"column":39},"end":{"line":20,"column":5}},"line":10}},"branchMap":{},"s":{"0":1,"1":5,"2":5,"3":5,"4":5,"5":3,"6":3,"7":3,"8":3,"9":2,"10":1,"11":3,"12":3,"13":5},"f":{"0":5,"1":3,"2":3},"b":{},"_coverageSchema":"1a1c01bbd47fc00a2c39e90264f33305004495a9","hash":"4ec342ad4954e3982c2c47cee6635d84d69722db"}
,"C:\\Users\\jfuen\\OneDrive\\Escritorio\\ddds\\FRONTEND\\grupo-cordillera-frontend\\src\\hooks\\useKpis.js": {"path":"C:\\Users\\jfuen\\OneDrive\\Escritorio\\ddds\\FRONTEND\\grupo-cordillera-frontend\\src\\hooks\\useKpis.js","statementMap":{"0":{"start":{"line":4,"column":23},"end":{"line":27,"column":1}},"1":{"start":{"line":5,"column":26},"end":{"line":5,"column":38}},"2":{"start":{"line":6,"column":32},"end":{"line":6,"column":46}},"3":{"start":{"line":7,"column":28},"end":{"line":7,"column":42}},"4":{"start":{"line":9,"column":2},"end":{"line":24,"column":9}},"5":{"start":{"line":10,"column":22},"end":{"line":21,"column":5}},"6":{"start":{"line":11,"column":6},"end":{"line":20,"column":7}},"7":{"start":{"line":12,"column":8},"end":{"line":12,"column":25}},"8":{"start":{"line":14,"column":21},"end":{"line":14,"column":59}},"9":{"start":{"line":15,"column":8},"end":{"line":15,"column":22}},"10":{"start":{"line":17,"column":8},"end":{"line":17,"column":60}},"11":{"start":{"line":19,"column":8},"end":{"line":19,"column":26}},"12":{"start":{"line":23,"column":4},"end":{"line":23,"column":16}},"13":{"start":{"line":26,"column":2},"end":{"line":26,"column":34}}},"fnMap":{"0":{"name":"(anonymous_0)","decl":{"start":{"line":4,"column":23},"end":{"line":4,"column":24}},"loc":{"start":{"line":4,"column":29},"end":{"line":27,"column":1}},"line":4},"1":{"name":"(anonymous_1)","decl":{"start":{"line":9,"column":12},"end":{"line":9,"column":13}},"loc":{"start":{"line":9,"column":18},"end":{"line":24,"column":3}},"line":9},"2":{"name":"(anonymous_2)","decl":{"start":{"line":10,"column":22},"end":{"line":10,"column":23}},"loc":{"start":{"line":10,"column":34},"end":{"line":21,"column":5}},"line":10}},"branchMap":{"0":{"loc":{"start":{"line":17,"column":17},"end":{"line":17,"column":58}},"type":"binary-expr","locations":[{"start":{"line":17,"column":17},"end":{"line":17,"column":28}},{"start":{"line":17,"column":32},"end":{"line":17,"column":58}}],"line":17}},"s":{"0":1,"1":5,"2":5,"3":5,"4":5,"5":3,"6":3,"7":3,"8":3,"9":2,"10":1,"11":3,"12":3,"13":5},"f":{"0":5,"1":3,"2":3},"b":{"0":[1,0]},"_coverageSchema":"1a1c01bbd47fc00a2c39e90264f33305004495a9","hash":"8ad8496aa4e8619347a4f460915ee58aca9f639d"}
,"C:\\Users\\jfuen\\OneDrive\\Escritorio\\ddds\\FRONTEND\\grupo-cordillera-frontend\\src\\hooks\\useListarVentas.js": {"path":"C:\\Users\\jfuen\\OneDrive\\Escritorio\\ddds\\FRONTEND\\grupo-cordillera-frontend\\src\\hooks\\useListarVentas.js","statementMap":{"0":{"start":{"line":4,"column":31},"end":{"line":26,"column":1}},"1":{"start":{"line":5,"column":30},"end":{"line":5,"column":42}},"2":{"start":{"line":6,"column":32},"end":{"line":6,"column":46}},"3":{"start":{"line":7,"column":28},"end":{"line":7,"column":42}},"4":{"start":{"line":9,"column":22},"end":{"line":19,"column":3}},"5":{"start":{"line":10,"column":4},"end":{"line":18,"column":5}},"6":{"start":{"line":11,"column":6},"end":{"line":11,"column":23}},"7":{"start":{"line":12,"column":19},"end":{"line":12,"column":41}},"8":{"start":{"line":13,"column":6},"end":{"line":13,"column":22}},"9":{"start":{"line":15,"column":6},"end":{"line":15,"column":28}},"10":{"start":{"line":17,"column":6},"end":{"line":17,"column":24}},"11":{"start":{"line":21,"column":2},"end":{"line":23,"column":9}},"12":{"start":{"line":22,"column":4},"end":{"line":22,"column":18}},"13":{"start":{"line":25,"column":2},"end":{"line":25,"column":60}}},"fnMap":{"0":{"name":"(anonymous_0)","decl":{"start":{"line":4,"column":31},"end":{"line":4,"column":32}},"loc":{"start":{"line":4,"column":37},"end":{"line":26,"column":1}},"line":4},"1":{"name":"(anonymous_1)","decl":{"start":{"line":9,"column":22},"end":{"line":9,"column":23}},"loc":{"start":{"line":9,"column":34},"end":{"line":19,"column":3}},"line":9},"2":{"name":"(anonymous_2)","decl":{"start":{"line":21,"column":12},"end":{"line":21,"column":13}},"loc":{"start":{"line":21,"column":18},"end":{"line":23,"column":3}},"line":21}},"branchMap":{},"s":{"0":1,"1":8,"2":8,"3":8,"4":8,"5":5,"6":5,"7":5,"8":4,"9":1,"10":5,"11":8,"12":4,"13":8},"f":{"0":8,"1":5,"2":4},"b":{},"_coverageSchema":"1a1c01bbd47fc00a2c39e90264f33305004495a9","hash":"2e6cb5098627f040cd54db2ab494319272234575"}
,"C:\\Users\\jfuen\\OneDrive\\Escritorio\\ddds\\FRONTEND\\grupo-cordillera-frontend\\src\\hooks\\useVenta.js": {"path":"C:\\Users\\jfuen\\OneDrive\\Escritorio\\ddds\\FRONTEND\\grupo-cordillera-frontend\\src\\hooks\\useVenta.js","statementMap":{"0":{"start":{"line":4,"column":24},"end":{"line":23,"column":1}},"1":{"start":{"line":5,"column":32},"end":{"line":5,"column":47}},"2":{"start":{"line":6,"column":28},"end":{"line":6,"column":42}},"3":{"start":{"line":7,"column":42},"end":{"line":7,"column":57}},"4":{"start":{"line":9,"column":24},"end":{"line":20,"column":3}},"5":{"start":{"line":10,"column":4},"end":{"line":10,"column":21}},"6":{"start":{"line":11,"column":4},"end":{"line":11,"column":19}},"7":{"start":{"line":12,"column":4},"end":{"line":19,"column":5}},"8":{"start":{"line":13,"column":6},"end":{"line":13,"column":34}},"9":{"start":{"line":14,"column":6},"end":{"line":14,"column":28}},"10":{"start":{"line":16,"column":6},"end":{"line":16,"column":28}},"11":{"start":{"line":18,"column":6},"end":{"line":18,"column":24}},"12":{"start":{"line":22,"column":2},"end":{"line":22,"column":57}}},"fnMap":{"0":{"name":"(anonymous_0)","decl":{"start":{"line":4,"column":24},"end":{"line":4,"column":25}},"loc":{"start":{"line":4,"column":30},"end":{"line":23,"column":1}},"line":4},"1":{"name":"(anonymous_1)","decl":{"start":{"line":9,"column":24},"end":{"line":9,"column":25}},"loc":{"start":{"line":9,"column":41},"end":{"line":20,"column":3}},"line":9}},"branchMap":{},"s":{"0":1,"1":7,"2":7,"3":7,"4":7,"5":3,"6":3,"7":3,"8":3,"9":2,"10":1,"11":3,"12":7},"f":{"0":7,"1":3},"b":{},"_coverageSchema":"1a1c01bbd47fc00a2c39e90264f33305004495a9","hash":"29bd998649ee09c61835230fb84b0f2df0e9d031"}
,"C:\\Users\\jfuen\\OneDrive\\Escritorio\\ddds\\FRONTEND\\grupo-cordillera-frontend\\src\\services\\authService.js": {"path":"C:\\Users\\jfuen\\OneDrive\\Escritorio\\ddds\\FRONTEND\\grupo-cordillera-frontend\\src\\services\\authService.js","statementMap":{"0":{"start":{"line":3,"column":16},"end":{"line":3,"column":48}},"1":{"start":{"line":5,"column":28},"end":{"line":30,"column":1}},"2":{"start":{"line":6,"column":4},"end":{"line":29,"column":5}},"3":{"start":{"line":7,"column":25},"end":{"line":14,"column":10}},"4":{"start":{"line":16,"column":8},"end":{"line":18,"column":9}},"5":{"start":{"line":17,"column":12},"end":{"line":17,"column":64}},"6":{"start":{"line":20,"column":21},"end":{"line":20,"column":42}},"7":{"start":{"line":22,"column":8},"end":{"line":22,"column":45}},"8":{"start":{"line":24,"column":8},"end":{"line":24,"column":20}},"9":{"start":{"line":27,"column":8},"end":{"line":27,"column":51}},"10":{"start":{"line":28,"column":8},"end":{"line":28,"column":20}},"11":{"start":{"line":32,"column":29},"end":{"line":38,"column":1}},"12":{"start":{"line":33,"column":4},"end":{"line":33,"column":40}},"13":{"start":{"line":34,"column":4},"end":{"line":34,"column":37}},"14":{"start":{"line":35,"column":4},"end":{"line":35,"column":36}},"15":{"start":{"line":37,"column":4},"end":{"line":37,"column":36}}},"fnMap":{"0":{"name":"(anonymous_0)","decl":{"start":{"line":5,"column":28},"end":{"line":5,"column":29}},"loc":{"start":{"line":5,"column":58},"end":{"line":30,"column":1}},"line":5},"1":{"name":"(anonymous_1)","decl":{"start":{"line":32,"column":29},"end":{"line":32,"column":30}},"loc":{"start":{"line":32,"column":35},"end":{"line":38,"column":1}},"line":32}},"branchMap":{"0":{"loc":{"start":{"line":16,"column":8},"end":{"line":18,"column":9}},"type":"if","locations":[{"start":{"line":16,"column":8},"end":{"line":18,"column":9}},{"start":{},"end":{}}],"line":16}},"s":{"0":1,"1":1,"2":6,"3":6,"4":5,"5":1,"6":4,"7":4,"8":4,"9":2,"10":2,"11":1,"12":3,"13":3,"14":3,"15":3},"f":{"0":6,"1":3},"b":{"0":[1,4]},"_coverageSchema":"1a1c01bbd47fc00a2c39e90264f33305004495a9","hash":"f602d18d1bfb48e438f5974e162953e11bb6e0e2"}
}
