TN:
SF:src\components\AllowedTo.jsx
FN:9,(anonymous_0)
FNF:1
FNH:1
FNDA:7,(anonymous_0)
DA:9,1
DA:11,7
DA:12,3
DA:16,4
LF:4
LH:4
BRDA:11,0,0,3
BRDA:11,0,1,4
BRF:2
BRH:2
end_of_record
TN:
SF:src\components\context\AuthContext.jsx
FN:6,(anonymous_0)
FN:8,(anonymous_1)
FN:43,(anonymous_2)
FN:74,(anonymous_3)
FNF:4
FNH:4
FNDA:14,(anonymous_0)
FNDA:8,(anonymous_1)
FNDA:6,(anonymous_2)
FNDA:16,(anonymous_3)
DA:4,1
DA:6,1
DA:8,14
DA:9,8
DA:10,8
DA:11,8
DA:13,2
DA:17,1
DA:19,1
DA:20,1
DA:21,0
DA:22,0
DA:23,0
DA:24,0
DA:25,0
DA:26,0
DA:27,0
DA:31,1
DA:37,1
DA:38,1
DA:43,14
DA:44,6
DA:45,1
DA:46,1
DA:49,5
DA:50,5
DA:51,3
DA:52,2
DA:53,1
DA:54,1
DA:55,0
DA:56,1
DA:57,1
DA:58,1
DA:61,5
DA:67,14
DA:74,1
DA:75,16
DA:76,16
DA:77,2
DA:79,14
LF:41
LH:33
BRDA:11,0,0,6
BRDA:11,0,1,2
BRDA:19,1,0,1
BRDA:19,1,1,0
BRDA:19,2,0,1
BRDA:19,2,1,1
BRDA:21,3,0,0
BRDA:21,3,1,0
BRDA:23,4,0,0
BRDA:23,4,1,0
BRDA:25,5,0,0
BRDA:25,5,1,0
BRDA:25,6,0,0
BRDA:25,6,1,0
BRDA:27,7,0,0
BRDA:27,7,1,0
BRDA:44,8,0,1
BRDA:44,8,1,5
BRDA:50,9,0,3
BRDA:50,9,1,2
BRDA:50,10,0,5
BRDA:50,10,1,3
BRDA:52,11,0,1
BRDA:52,11,1,1
BRDA:54,12,0,0
BRDA:54,12,1,1
BRDA:56,13,0,1
BRDA:56,13,1,0
BRDA:56,14,0,1
BRDA:56,14,1,1
BRDA:58,15,0,0
BRDA:58,15,1,1
BRDA:76,16,0,2
BRDA:76,16,1,14
BRF:34
BRH:20
end_of_record
TN:
SF:src\components\molecules\KpiCard.jsx
FN:3,(anonymous_0)
FNF:1
FNH:1
FNDA:6,(anonymous_0)
DA:3,1
DA:4,6
LF:2
LH:2
BRF:0
BRH:0
end_of_record
TN:
SF:src\hooks\useInventory.js
FN:4,(anonymous_0)
FN:9,(anonymous_1)
FN:10,(anonymous_2)
FNF:3
FNH:3
FNDA:5,(anonymous_0)
FNDA:3,(anonymous_1)
FNDA:3,(anonymous_2)
DA:4,1
DA:5,5
DA:6,5
DA:7,5
DA:9,5
DA:10,3
DA:11,3
DA:12,3
DA:13,3
DA:14,2
DA:16,1
DA:18,3
DA:22,3
DA:26,5
LF:14
LH:14
BRF:0
BRH:0
end_of_record
TN:
SF:src\hooks\useKpis.js
FN:4,(anonymous_0)
FN:9,(anonymous_1)
FN:10,(anonymous_2)
FNF:3
FNH:3
FNDA:5,(anonymous_0)
FNDA:3,(anonymous_1)
FNDA:3,(anonymous_2)
DA:4,1
DA:5,5
DA:6,5
DA:7,5
DA:9,5
DA:10,3
DA:11,3
DA:12,3
DA:14,3
DA:15,2
DA:17,1
DA:19,3
DA:23,3
DA:26,5
LF:14
LH:14
BRDA:17,0,0,1
BRDA:17,0,1,0
BRF:2
BRH:1
end_of_record
TN:
SF:src\hooks\useListarVentas.js
FN:4,(anonymous_0)
FN:9,(anonymous_1)
FN:21,(anonymous_2)
FNF:3
FNH:3
FNDA:8,(anonymous_0)
FNDA:5,(anonymous_1)
FNDA:4,(anonymous_2)
DA:4,1
DA:5,8
DA:6,8
DA:7,8
DA:9,8
DA:10,5
DA:11,5
DA:12,5
DA:13,4
DA:15,1
DA:17,5
DA:21,8
DA:22,4
DA:25,8
LF:14
LH:14
BRF:0
BRH:0
end_of_record
TN:
SF:src\hooks\useVenta.js
FN:4,(anonymous_0)
FN:9,(anonymous_1)
FNF:2
FNH:2
FNDA:7,(anonymous_0)
FNDA:3,(anonymous_1)
DA:4,1
DA:5,7
DA:6,7
DA:7,7
DA:9,7
DA:10,3
DA:11,3
DA:12,3
DA:13,3
DA:14,2
DA:16,1
DA:18,3
DA:22,7
LF:13
LH:13
BRF:0
BRH:0
end_of_record
TN:
SF:src\services\authService.js
FN:5,(anonymous_0)
FN:32,(anonymous_1)
FNF:2
FNH:2
FNDA:6,(anonymous_0)
FNDA:3,(anonymous_1)
DA:3,1
DA:5,1
DA:6,6
DA:7,6
DA:16,5
DA:17,1
DA:20,4
DA:22,4
DA:24,4
DA:27,2
DA:28,2
DA:32,1
DA:33,3
DA:34,3
DA:35,3
DA:37,3
LF:16
LH:16
BRDA:16,0,0,1
BRDA:16,0,1,4
BRF:2
BRH:2
end_of_record
